<?xml version="1.0" encoding="UTF-8"?>
<testng-results ignored="0" total="1" passed="1" failed="0" skipped="0">
  <reporter-output>
  </reporter-output>
  <suite started-at="2026-08-25T10:34:10 IST" name="Suite" finished-at="2026-08-25T10:34:22 IST" duration-ms="12027">
    <groups>
    </groups>
    <test started-at="2026-08-25T10:34:10 IST" name="Test" finished-at="2026-08-25T10:34:22 IST" duration-ms="12027">
      <class name="tests.LoginTest">
        <test-method is-config="true" signature="setup()[pri:0, instance:tests.LoginTest@175c2241]" started-at="2026-08-25T10:34:11 IST" name="setup" finished-at="2026-08-25T10:34:16 IST" duration-ms="5533" status="PASS">
          <reporter-output>
          </reporter-output>
        </test-method> <!-- setup -->
        <test-method signature="successfullogin()[pri:0, instance:tests.LoginTest@175c2241]" started-at="2026-08-25T10:34:16 IST" name="successfullogin" finished-at="2026-08-25T10:34:22 IST" duration-ms="6087" status="PASS">
          <reporter-output>
          </reporter-output>
        </test-method> <!-- successfullogin -->
        <test-method is-config="true" signature="teardown()[pri:0, instance:tests.LoginTest@175c2241]" started-at="2026-08-25T10:34:22 IST" name="teardown" finished-at="2026-08-25T10:34:22 IST" duration-ms="320" status="PASS">
          <reporter-output>
          </reporter-output>
        </test-method> <!-- teardown -->
      </class> <!-- tests.LoginTest -->
    </test> <!-- Test -->
  </suite> <!-- Suite -->
</testng-results>
